<?xml version="1.0" encoding="UTF-8"?>
<!-- Generated by org.testng.reporters.JUnitXMLReporter -->
<testsuite hostname="Ankita-PC" name="Test" tests="5" failures="2" timestamp="21 Dec 2015 07:23:45 GMT" time="167.887" errors="0">
  <testcase name="@AfterMethod TearDown" time="0.0" classname="com.walmarttest.tests.End2EndTests">
    <failure type="org.openqa.selenium.WebDriverException" message="chrome not reachable
  (Session info: chrome=47.0.2526.80)
  (Driver info: chromedriver=2.20.353145 (343b531d31eeb933ec778dbcf7081628a1396067),platform=Windows NT 10.0 x86_64) (WARNING: The server did not provide any stacktrace information)
Command duration or timeout: 245 milliseconds
Build info: version: &amp;apos;2.48.2&amp;apos;, revision: &amp;apos;41bccdd10cf2c0560f637404c2d96164b67d9d67&amp;apos;, time: &amp;apos;2015-10-09 13:08:06&amp;apos;
System info: host: &amp;apos;Ankita-PC&amp;apos;, ip: &amp;apos;169.254.50.0&amp;apos;, os.name: &amp;apos;Windows 10&amp;apos;, os.arch: &amp;apos;amd64&amp;apos;, os.version: &amp;apos;10.0&amp;apos;, java.version: &amp;apos;1.8.0_65&amp;apos;
Driver info: org.openqa.selenium.chrome.ChromeDriver
Capabilities [{applicationCacheEnabled=false, rotatable=false, mobileEmulationEnabled=true, chrome={userDataDir=C:\Users\Ankita\AppData\Local\Temp\scoped_dir11412_1951}, takesHeapSnapshot=true, databaseEnabled=false, handlesAlerts=true, hasTouchScreen=true, version=47.0.2526.80, platform=XP, browserConnectionEnabled=false, nativeEvents=true, acceptSslCerts=true, locationContextEnabled=true, webStorageEnabled=true, browserName=chrome, takesScreenshot=true, javascriptEnabled=true, cssSelectorsEnabled=true}]
Session ID: 87421f62a5f5414178649339dea4db05">
      <![CDATA[org.openqa.selenium.WebDriverException: chrome not reachable
  (Session info: chrome=47.0.2526.80)
  (Driver info: chromedriver=2.20.353145 (343b531d31eeb933ec778dbcf7081628a1396067),platform=Windows NT 10.0 x86_64) (WARNING: The server did not provide any stacktrace information)
Command duration or timeout: 245 milliseconds
Build info: version: '2.48.2', revision: '41bccdd10cf2c0560f637404c2d96164b67d9d67', time: '2015-10-09 13:08:06'
System info: host: 'Ankita-PC', ip: '169.254.50.0', os.name: 'Windows 10', os.arch: 'amd64', os.version: '10.0', java.version: '1.8.0_65'
Driver info: org.openqa.selenium.chrome.ChromeDriver
Capabilities [{applicationCacheEnabled=false, rotatable=false, mobileEmulationEnabled=true, chrome={userDataDir=C:\Users\Ankita\AppData\Local\Temp\scoped_dir11412_1951}, takesHeapSnapshot=true, databaseEnabled=false, handlesAlerts=true, hasTouchScreen=true, version=47.0.2526.80, platform=XP, browserConnectionEnabled=false, nativeEvents=true, acceptSslCerts=true, locationContextEnabled=true, webStorageEnabled=true, browserName=chrome, takesScreenshot=true, javascriptEnabled=true, cssSelectorsEnabled=true}]
Session ID: 87421f62a5f5414178649339dea4db05
	at org.openqa.selenium.remote.ErrorHandler.createThrowable(ErrorHandler.java:206)
	at org.openqa.selenium.remote.ErrorHandler.throwIfResponseFailed(ErrorHandler.java:158)
	at org.openqa.selenium.remote.RemoteWebDriver.execute(RemoteWebDriver.java:647)
	at org.openqa.selenium.remote.RemoteWebDriver.execute(RemoteWebDriver.java:670)
	at org.openqa.selenium.remote.RemoteWebDriver.close(RemoteWebDriver.java:511)
	at com.walmarttest.tests.End2EndTests.TearDown(End2EndTests.java:99)
... Removed 30 stack frames]]>
    </failure>
  </testcase> <!-- @AfterMethod TearDown -->
  <testcase name="@AfterMethod tearDown" time="0.0" classname="com.walmarttest.tests.End2EndTests">
    <skipped/>
  </testcase> <!-- @AfterMethod tearDown -->
  <testcase name="@BeforeMethod initializeSetup" time="0.0" classname="com.walmarttest.tests.End2EndTests">
    <skipped/>
  </testcase> <!-- @BeforeMethod initializeSetup -->
  <testcase name="@BeforeMethod setUp" time="0.0" classname="com.walmarttest.tests.End2EndTests">
    <skipped/>
  </testcase> <!-- @BeforeMethod setUp -->
  <testcase name="@AfterMethod TearDown" time="0.0" classname="com.walmarttest.tests.End2EndTests">
    <skipped/>
  </testcase> <!-- @AfterMethod TearDown -->
  <testcase name="@AfterMethod tearDown" time="0.0" classname="com.walmarttest.tests.End2EndTests">
    <skipped/>
  </testcase> <!-- @AfterMethod tearDown -->
  <testcase name="@BeforeMethod initializeSetup" time="0.0" classname="com.walmarttest.tests.End2EndTests">
    <skipped/>
  </testcase> <!-- @BeforeMethod initializeSetup -->
  <testcase name="@BeforeMethod setUp" time="0.0" classname="com.walmarttest.tests.End2EndTests">
    <skipped/>
  </testcase> <!-- @BeforeMethod setUp -->
  <testcase name="@AfterMethod TearDown" time="0.0" classname="com.walmarttest.tests.End2EndTests">
    <skipped/>
  </testcase> <!-- @AfterMethod TearDown -->
  <testcase name="@AfterMethod tearDown" time="0.0" classname="com.walmarttest.tests.End2EndTests">
    <skipped/>
  </testcase> <!-- @AfterMethod tearDown -->
  <testcase name="@BeforeMethod initializeSetup" time="0.0" classname="com.walmarttest.tests.End2EndTests">
    <skipped/>
  </testcase> <!-- @BeforeMethod initializeSetup -->
  <testcase name="@BeforeMethod setUp" time="0.0" classname="com.walmarttest.tests.End2EndTests">
    <skipped/>
  </testcase> <!-- @BeforeMethod setUp -->
  <testcase name="@AfterMethod TearDown" time="0.0" classname="com.walmarttest.tests.End2EndTests">
    <skipped/>
  </testcase> <!-- @AfterMethod TearDown -->
  <testcase name="@AfterMethod tearDown" time="0.0" classname="com.walmarttest.tests.End2EndTests">
    <skipped/>
  </testcase> <!-- @AfterMethod tearDown -->
  <testcase name="TestCase1" time="138.857" classname="com.walmarttest.tests.End2EndTests">
    <failure type="org.openqa.selenium.NoSuchElementException" message="no such element: Unable to locate element: {&amp;quot;method&amp;quot;:&amp;quot;css selector&amp;quot;,&amp;quot;selector&amp;quot;:&amp;quot;.js-product-heading.heading-b.product-name.product-heading.padding-ends&amp;gt;span&amp;quot;}
  (Session info: chrome=47.0.2526.80)
  (Driver info: chromedriver=2.20.353145 (343b531d31eeb933ec778dbcf7081628a1396067),platform=Windows NT 10.0 x86_64) (WARNING: The server did not provide any stacktrace information)
Command duration or timeout: 60.05 seconds
For documentation on this error, please visit: http://seleniumhq.org/exceptions/no_such_element.html
Build info: version: &amp;apos;2.48.2&amp;apos;, revision: &amp;apos;41bccdd10cf2c0560f637404c2d96164b67d9d67&amp;apos;, time: &amp;apos;2015-10-09 13:08:06&amp;apos;
System info: host: &amp;apos;Ankita-PC&amp;apos;, ip: &amp;apos;169.254.50.0&amp;apos;, os.name: &amp;apos;Windows 10&amp;apos;, os.arch: &amp;apos;amd64&amp;apos;, os.version: &amp;apos;10.0&amp;apos;, java.version: &amp;apos;1.8.0_65&amp;apos;
Driver info: org.openqa.selenium.chrome.ChromeDriver
Capabilities [{applicationCacheEnabled=false, rotatable=false, mobileEmulationEnabled=true, chrome={userDataDir=C:\Users\Ankita\AppData\Local\Temp\scoped_dir11660_5331}, takesHeapSnapshot=true, databaseEnabled=false, handlesAlerts=true, hasTouchScreen=true, version=47.0.2526.80, platform=XP, browserConnectionEnabled=false, nativeEvents=true, acceptSslCerts=true, locationContextEnabled=true, webStorageEnabled=true, browserName=chrome, takesScreenshot=true, javascriptEnabled=true, cssSelectorsEnabled=true}]
Session ID: af41f2e5c60ea353e89819e5edc93455
*** Element info: {Using=css selector, value=.js-product-heading.heading-b.product-name.product-heading.padding-ends&amp;gt;span}">
      <![CDATA[org.openqa.selenium.NoSuchElementException: no such element: Unable to locate element: {"method":"css selector","selector":".js-product-heading.heading-b.product-name.product-heading.padding-ends>span"}
  (Session info: chrome=47.0.2526.80)
  (Driver info: chromedriver=2.20.353145 (343b531d31eeb933ec778dbcf7081628a1396067),platform=Windows NT 10.0 x86_64) (WARNING: The server did not provide any stacktrace information)
Command duration or timeout: 60.05 seconds
For documentation on this error, please visit: http://seleniumhq.org/exceptions/no_such_element.html
Build info: version: '2.48.2', revision: '41bccdd10cf2c0560f637404c2d96164b67d9d67', time: '2015-10-09 13:08:06'
System info: host: 'Ankita-PC', ip: '169.254.50.0', os.name: 'Windows 10', os.arch: 'amd64', os.version: '10.0', java.version: '1.8.0_65'
Driver info: org.openqa.selenium.chrome.ChromeDriver
Capabilities [{applicationCacheEnabled=false, rotatable=false, mobileEmulationEnabled=true, chrome={userDataDir=C:\Users\Ankita\AppData\Local\Temp\scoped_dir11660_5331}, takesHeapSnapshot=true, databaseEnabled=false, handlesAlerts=true, hasTouchScreen=true, version=47.0.2526.80, platform=XP, browserConnectionEnabled=false, nativeEvents=true, acceptSslCerts=true, locationContextEnabled=true, webStorageEnabled=true, browserName=chrome, takesScreenshot=true, javascriptEnabled=true, cssSelectorsEnabled=true}]
Session ID: af41f2e5c60ea353e89819e5edc93455
*** Element info: {Using=css selector, value=.js-product-heading.heading-b.product-name.product-heading.padding-ends>span}
	at org.openqa.selenium.remote.ErrorHandler.createThrowable(ErrorHandler.java:206)
	at org.openqa.selenium.remote.ErrorHandler.throwIfResponseFailed(ErrorHandler.java:158)
	at org.openqa.selenium.remote.RemoteWebDriver.execute(RemoteWebDriver.java:647)
	at org.openqa.selenium.remote.RemoteWebDriver.findElement(RemoteWebDriver.java:353)
	at org.openqa.selenium.remote.RemoteWebDriver.findElementByCssSelector(RemoteWebDriver.java:482)
	at org.openqa.selenium.By$ByCssSelector.findElement(By.java:430)
	at org.openqa.selenium.remote.RemoteWebDriver.findElement(RemoteWebDriver.java:345)
	at org.openqa.selenium.support.pagefactory.DefaultElementLocator.findElement(DefaultElementLocator.java:69)
	at org.openqa.selenium.support.pagefactory.internal.LocatingElementHandler.invoke(LocatingElementHandler.java:38)
	at com.sun.proxy.$Proxy8.getText(Unknown Source)
	at com.walmarttest.webpages.ItemDetailPage.getItemName(ItemDetailPage.java:37)
	at com.walmarttest.tests.End2EndTests.TestCase1(End2EndTests.java:45)
... Removed 28 stack frames]]>
    </failure>
  </testcase> <!-- TestCase1 -->
  <testcase name="TestCase1" time="1.07" classname="com.walmarttest.tests.End2EndTests">
    <failure type="java.lang.NullPointerException">
      <![CDATA[java.lang.NullPointerException
	at org.openqa.selenium.support.pagefactory.internal.LocatingElementHandler.invoke(LocatingElementHandler.java:51)
	at com.sun.proxy.$Proxy8.clear(Unknown Source)
	at com.walmarttest.webpages.HomePage.setSearchText(HomePage.java:31)
	at com.walmarttest.webpages.HomePage.searchItem(HomePage.java:42)
	at com.walmarttest.tests.End2EndTests.TestCase1(End2EndTests.java:39)
... Removed 28 stack frames]]>
    </failure>
  </testcase> <!-- TestCase1 -->
  <testcase name="TestCase1" time="0.002" classname="com.walmarttest.tests.End2EndTests">
    <skipped/>
  </testcase> <!-- TestCase1 -->
  <testcase name="TestCase1" time="0.003" classname="com.walmarttest.tests.End2EndTests">
    <skipped/>
  </testcase> <!-- TestCase1 -->
  <testcase name="TestCase1" time="0.002" classname="com.walmarttest.tests.End2EndTests">
    <skipped/>
  </testcase> <!-- TestCase1 -->
</testsuite> <!-- Test -->
