<?xml version="1.0" encoding="UTF-8"?>
<testng-results skipped="3" failed="2" total="5" passed="0">
  <reporter-output>
  </reporter-output>
  <suite name="Suite" duration-ms="167887" started-at="2015-12-21T07:20:57Z" finished-at="2015-12-21T07:23:45Z">
    <groups>
    </groups>
    <test name="Test" duration-ms="167887" started-at="2015-12-21T07:20:57Z" finished-at="2015-12-21T07:23:45Z">
      <class name="com.walmarttest.tests.End2EndTests">
        <test-method status="PASS" signature="initializeSetup(java.lang.String, java.lang.String, java.lang.String)[pri:0, instance:com.walmarttest.tests.End2EndTests@c818063]" name="initializeSetup" is-config="true" duration-ms="13895" started-at="2015-12-21T01:20:57Z" finished-at="2015-12-21T01:21:11Z">
          <params>
            <param index="0">
              <value>
                <![CDATA[mobile]]>
              </value>
            </param>
            <param index="1">
              <value>
                <![CDATA[http://mobile.walmart.com]]>
              </value>
            </param>
            <param index="2">
              <value>
                <![CDATA[Google Nexus 5]]>
              </value>
            </param>
          </params>
          <reporter-output>
          </reporter-output>
        </test-method> <!-- initializeSetup -->
        <test-method status="PASS" signature="setUp()[pri:0, instance:com.walmarttest.tests.End2EndTests@c818063]" name="setUp" is-config="true" duration-ms="18" started-at="2015-12-21T01:21:11Z" finished-at="2015-12-21T01:21:11Z">
          <reporter-output>
          </reporter-output>
        </test-method> <!-- setUp -->
        <test-method status="FAIL" signature="TestCase1(java.lang.String)[pri:0, instance:com.walmarttest.tests.End2EndTests@c818063]" name="TestCase1" duration-ms="138857" started-at="2015-12-21T01:21:11Z" data-provider="searchItems" finished-at="2015-12-21T01:23:30Z">
          <params>
            <param index="0">
              <value>
                <![CDATA[tv]]>
              </value>
            </param>
          </params>
          <exception class="org.openqa.selenium.NoSuchElementException">
            <message>
              <![CDATA[no such element: Unable to locate element: {"method":"css selector","selector":".js-product-heading.heading-b.product-name.product-heading.padding-ends>span"}
  (Session info: chrome=47.0.2526.80)
  (Driver info: chromedriver=2.20.353145 (343b531d31eeb933ec778dbcf7081628a1396067),platform=Windows NT 10.0 x86_64) (WARNING: The server did not provide any stacktrace information)
Command duration or timeout: 60.05 seconds
For documentation on this error, please visit: http://seleniumhq.org/exceptions/no_such_element.html
Build info: version: '2.48.2', revision: '41bccdd10cf2c0560f637404c2d96164b67d9d67', time: '2015-10-09 13:08:06'
System info: host: 'Ankita-PC', ip: '169.254.50.0', os.name: 'Windows 10', os.arch: 'amd64', os.version: '10.0', java.version: '1.8.0_65'
Driver info: org.openqa.selenium.chrome.ChromeDriver
Capabilities [{applicationCacheEnabled=false, rotatable=false, mobileEmulationEnabled=true, chrome={userDataDir=C:\Users\Ankita\AppData\Local\Temp\scoped_dir11660_5331}, takesHeapSnapshot=true, databaseEnabled=false, handlesAlerts=true, hasTouchScreen=true, version=47.0.2526.80, platform=XP, browserConnectionEnabled=false, nativeEvents=true, acceptSslCerts=true, locationContextEnabled=true, webStorageEnabled=true, browserName=chrome, takesScreenshot=true, javascriptEnabled=true, cssSelectorsEnabled=true}]
Session ID: af41f2e5c60ea353e89819e5edc93455
*** Element info: {Using=css selector, value=.js-product-heading.heading-b.product-name.product-heading.padding-ends>span}]]>
            </message>
            <full-stacktrace>
              <![CDATA[org.openqa.selenium.NoSuchElementException: no such element: Unable to locate element: {"method":"css selector","selector":".js-product-heading.heading-b.product-name.product-heading.padding-ends>span"}
  (Session info: chrome=47.0.2526.80)
  (Driver info: chromedriver=2.20.353145 (343b531d31eeb933ec778dbcf7081628a1396067),platform=Windows NT 10.0 x86_64) (WARNING: The server did not provide any stacktrace information)
Command duration or timeout: 60.05 seconds
For documentation on this error, please visit: http://seleniumhq.org/exceptions/no_such_element.html
Build info: version: '2.48.2', revision: '41bccdd10cf2c0560f637404c2d96164b67d9d67', time: '2015-10-09 13:08:06'
System info: host: 'Ankita-PC', ip: '169.254.50.0', os.name: 'Windows 10', os.arch: 'amd64', os.version: '10.0', java.version: '1.8.0_65'
Driver info: org.openqa.selenium.chrome.ChromeDriver
Capabilities [{applicationCacheEnabled=false, rotatable=false, mobileEmulationEnabled=true, chrome={userDataDir=C:\Users\Ankita\AppData\Local\Temp\scoped_dir11660_5331}, takesHeapSnapshot=true, databaseEnabled=false, handlesAlerts=true, hasTouchScreen=true, version=47.0.2526.80, platform=XP, browserConnectionEnabled=false, nativeEvents=true, acceptSslCerts=true, locationContextEnabled=true, webStorageEnabled=true, browserName=chrome, takesScreenshot=true, javascriptEnabled=true, cssSelectorsEnabled=true}]
Session ID: af41f2e5c60ea353e89819e5edc93455
*** Element info: {Using=css selector, value=.js-product-heading.heading-b.product-name.product-heading.padding-ends>span}
	at sun.reflect.NativeConstructorAccessorImpl.newInstance0(Native Method)
	at sun.reflect.NativeConstructorAccessorImpl.newInstance(Unknown Source)
	at sun.reflect.DelegatingConstructorAccessorImpl.newInstance(Unknown Source)
	at java.lang.reflect.Constructor.newInstance(Unknown Source)
	at org.openqa.selenium.remote.ErrorHandler.createThrowable(ErrorHandler.java:206)
	at org.openqa.selenium.remote.ErrorHandler.throwIfResponseFailed(ErrorHandler.java:158)
	at org.openqa.selenium.remote.RemoteWebDriver.execute(RemoteWebDriver.java:647)
	at org.openqa.selenium.remote.RemoteWebDriver.findElement(RemoteWebDriver.java:353)
	at org.openqa.selenium.remote.RemoteWebDriver.findElementByCssSelector(RemoteWebDriver.java:482)
	at org.openqa.selenium.By$ByCssSelector.findElement(By.java:430)
	at org.openqa.selenium.remote.RemoteWebDriver.findElement(RemoteWebDriver.java:345)
	at org.openqa.selenium.support.pagefactory.DefaultElementLocator.findElement(DefaultElementLocator.java:69)
	at org.openqa.selenium.support.pagefactory.internal.LocatingElementHandler.invoke(LocatingElementHandler.java:38)
	at com.sun.proxy.$Proxy8.getText(Unknown Source)
	at com.walmarttest.webpages.ItemDetailPage.getItemName(ItemDetailPage.java:37)
	at com.walmarttest.tests.End2EndTests.TestCase1(End2EndTests.java:45)
	at sun.reflect.NativeMethodAccessorImpl.invoke0(Native Method)
	at sun.reflect.NativeMethodAccessorImpl.invoke(Unknown Source)
	at sun.reflect.DelegatingMethodAccessorImpl.invoke(Unknown Source)
	at java.lang.reflect.Method.invoke(Unknown Source)
	at org.testng.internal.MethodInvocationHelper.invokeMethod(MethodInvocationHelper.java:80)
	at org.testng.internal.Invoker.invokeMethod(Invoker.java:714)
	at org.testng.internal.Invoker.invokeTestMethod(Invoker.java:901)
	at org.testng.internal.Invoker.invokeTestMethods(Invoker.java:1231)
	at org.testng.internal.TestMethodWorker.invokeTestMethods(TestMethodWorker.java:127)
	at org.testng.internal.TestMethodWorker.run(TestMethodWorker.java:111)
	at org.testng.TestRunner.privateRun(TestRunner.java:767)
	at org.testng.TestRunner.run(TestRunner.java:617)
	at org.testng.SuiteRunner.runTest(SuiteRunner.java:334)
	at org.testng.SuiteRunner.runSequentially(SuiteRunner.java:329)
	at org.testng.SuiteRunner.privateRun(SuiteRunner.java:291)
	at org.testng.SuiteRunner.run(SuiteRunner.java:240)
	at org.testng.SuiteRunnerWorker.runSuite(SuiteRunnerWorker.java:52)
	at org.testng.SuiteRunnerWorker.run(SuiteRunnerWorker.java:86)
	at org.testng.TestNG.runSuitesSequentially(TestNG.java:1198)
	at org.testng.TestNG.runSuitesLocally(TestNG.java:1123)
	at org.testng.TestNG.run(TestNG.java:1031)
	at org.testng.remote.RemoteTestNG.run(RemoteTestNG.java:115)
	at org.testng.remote.RemoteTestNG.initAndRun(RemoteTestNG.java:207)
	at org.testng.remote.RemoteTestNG.main(RemoteTestNG.java:178)
]]>
            </full-stacktrace>
          </exception> <!-- org.openqa.selenium.NoSuchElementException -->
          <reporter-output>
          </reporter-output>
        </test-method> <!-- TestCase1 -->
        <test-method status="PASS" signature="TearDown()[pri:0, instance:com.walmarttest.tests.End2EndTests@c818063]" name="TearDown" is-config="true" duration-ms="1239" started-at="2015-12-21T01:23:30Z" finished-at="2015-12-21T01:23:31Z">
          <reporter-output>
          </reporter-output>
        </test-method> <!-- TearDown -->
        <test-method status="PASS" signature="tearDown()[pri:0, instance:com.walmarttest.tests.End2EndTests@c818063]" name="tearDown" is-config="true" duration-ms="2326" started-at="2015-12-21T01:23:31Z" finished-at="2015-12-21T01:23:34Z">
          <reporter-output>
          </reporter-output>
        </test-method> <!-- tearDown -->
        <test-method status="PASS" signature="initializeSetup(java.lang.String, java.lang.String, java.lang.String)[pri:0, instance:com.walmarttest.tests.End2EndTests@c818063]" name="initializeSetup" is-config="true" duration-ms="10077" started-at="2015-12-21T01:23:34Z" finished-at="2015-12-21T01:23:44Z">
          <params>
            <param index="0">
              <value>
                <![CDATA[mobile]]>
              </value>
            </param>
            <param index="1">
              <value>
                <![CDATA[http://mobile.walmart.com]]>
              </value>
            </param>
            <param index="2">
              <value>
                <![CDATA[Google Nexus 5]]>
              </value>
            </param>
          </params>
          <reporter-output>
          </reporter-output>
        </test-method> <!-- initializeSetup -->
        <test-method status="PASS" signature="setUp()[pri:0, instance:com.walmarttest.tests.End2EndTests@c818063]" name="setUp" is-config="true" duration-ms="15" started-at="2015-12-21T01:23:44Z" finished-at="2015-12-21T01:23:44Z">
          <reporter-output>
          </reporter-output>
        </test-method> <!-- setUp -->
        <test-method status="FAIL" signature="TestCase1(java.lang.String)[pri:0, instance:com.walmarttest.tests.End2EndTests@c818063]" name="TestCase1" duration-ms="1070" started-at="2015-12-21T01:23:44Z" data-provider="searchItems" finished-at="2015-12-21T01:23:45Z">
          <params>
            <param index="0">
              <value>
                <![CDATA[Socks]]>
              </value>
            </param>
          </params>
          <exception class="java.lang.NullPointerException">
            <full-stacktrace>
              <![CDATA[java.lang.NullPointerException
	at sun.reflect.NativeMethodAccessorImpl.invoke0(Native Method)
	at sun.reflect.NativeMethodAccessorImpl.invoke(Unknown Source)
	at sun.reflect.DelegatingMethodAccessorImpl.invoke(Unknown Source)
	at java.lang.reflect.Method.invoke(Unknown Source)
	at org.openqa.selenium.support.pagefactory.internal.LocatingElementHandler.invoke(LocatingElementHandler.java:51)
	at com.sun.proxy.$Proxy8.clear(Unknown Source)
	at com.walmarttest.webpages.HomePage.setSearchText(HomePage.java:31)
	at com.walmarttest.webpages.HomePage.searchItem(HomePage.java:42)
	at com.walmarttest.tests.End2EndTests.TestCase1(End2EndTests.java:39)
	at sun.reflect.NativeMethodAccessorImpl.invoke0(Native Method)
	at sun.reflect.NativeMethodAccessorImpl.invoke(Unknown Source)
	at sun.reflect.DelegatingMethodAccessorImpl.invoke(Unknown Source)
	at java.lang.reflect.Method.invoke(Unknown Source)
	at org.testng.internal.MethodInvocationHelper.invokeMethod(MethodInvocationHelper.java:80)
	at org.testng.internal.Invoker.invokeMethod(Invoker.java:714)
	at org.testng.internal.Invoker.invokeTestMethod(Invoker.java:901)
	at org.testng.internal.Invoker.invokeTestMethods(Invoker.java:1231)
	at org.testng.internal.TestMethodWorker.invokeTestMethods(TestMethodWorker.java:127)
	at org.testng.internal.TestMethodWorker.run(TestMethodWorker.java:111)
	at org.testng.TestRunner.privateRun(TestRunner.java:767)
	at org.testng.TestRunner.run(TestRunner.java:617)
	at org.testng.SuiteRunner.runTest(SuiteRunner.java:334)
	at org.testng.SuiteRunner.runSequentially(SuiteRunner.java:329)
	at org.testng.SuiteRunner.privateRun(SuiteRunner.java:291)
	at org.testng.SuiteRunner.run(SuiteRunner.java:240)
	at org.testng.SuiteRunnerWorker.runSuite(SuiteRunnerWorker.java:52)
	at org.testng.SuiteRunnerWorker.run(SuiteRunnerWorker.java:86)
	at org.testng.TestNG.runSuitesSequentially(TestNG.java:1198)
	at org.testng.TestNG.runSuitesLocally(TestNG.java:1123)
	at org.testng.TestNG.run(TestNG.java:1031)
	at org.testng.remote.RemoteTestNG.run(RemoteTestNG.java:115)
	at org.testng.remote.RemoteTestNG.initAndRun(RemoteTestNG.java:207)
	at org.testng.remote.RemoteTestNG.main(RemoteTestNG.java:178)
]]>
            </full-stacktrace>
          </exception> <!-- java.lang.NullPointerException -->
          <reporter-output>
          </reporter-output>
        </test-method> <!-- TestCase1 -->
        <test-method status="FAIL" signature="TearDown()[pri:0, instance:com.walmarttest.tests.End2EndTests@c818063]" name="TearDown" is-config="true" duration-ms="0" started-at="2015-12-21T01:23:45Z" finished-at="2015-12-21T01:23:45Z">
          <exception class="org.openqa.selenium.WebDriverException">
            <message>
              <![CDATA[chrome not reachable
  (Session info: chrome=47.0.2526.80)
  (Driver info: chromedriver=2.20.353145 (343b531d31eeb933ec778dbcf7081628a1396067),platform=Windows NT 10.0 x86_64) (WARNING: The server did not provide any stacktrace information)
Command duration or timeout: 245 milliseconds
Build info: version: '2.48.2', revision: '41bccdd10cf2c0560f637404c2d96164b67d9d67', time: '2015-10-09 13:08:06'
System info: host: 'Ankita-PC', ip: '169.254.50.0', os.name: 'Windows 10', os.arch: 'amd64', os.version: '10.0', java.version: '1.8.0_65'
Driver info: org.openqa.selenium.chrome.ChromeDriver
Capabilities [{applicationCacheEnabled=false, rotatable=false, mobileEmulationEnabled=true, chrome={userDataDir=C:\Users\Ankita\AppData\Local\Temp\scoped_dir11412_1951}, takesHeapSnapshot=true, databaseEnabled=false, handlesAlerts=true, hasTouchScreen=true, version=47.0.2526.80, platform=XP, browserConnectionEnabled=false, nativeEvents=true, acceptSslCerts=true, locationContextEnabled=true, webStorageEnabled=true, browserName=chrome, takesScreenshot=true, javascriptEnabled=true, cssSelectorsEnabled=true}]
Session ID: 87421f62a5f5414178649339dea4db05]]>
            </message>
            <full-stacktrace>
              <![CDATA[org.openqa.selenium.WebDriverException: chrome not reachable
  (Session info: chrome=47.0.2526.80)
  (Driver info: chromedriver=2.20.353145 (343b531d31eeb933ec778dbcf7081628a1396067),platform=Windows NT 10.0 x86_64) (WARNING: The server did not provide any stacktrace information)
Command duration or timeout: 245 milliseconds
Build info: version: '2.48.2', revision: '41bccdd10cf2c0560f637404c2d96164b67d9d67', time: '2015-10-09 13:08:06'
System info: host: 'Ankita-PC', ip: '169.254.50.0', os.name: 'Windows 10', os.arch: 'amd64', os.version: '10.0', java.version: '1.8.0_65'
Driver info: org.openqa.selenium.chrome.ChromeDriver
Capabilities [{applicationCacheEnabled=false, rotatable=false, mobileEmulationEnabled=true, chrome={userDataDir=C:\Users\Ankita\AppData\Local\Temp\scoped_dir11412_1951}, takesHeapSnapshot=true, databaseEnabled=false, handlesAlerts=true, hasTouchScreen=true, version=47.0.2526.80, platform=XP, browserConnectionEnabled=false, nativeEvents=true, acceptSslCerts=true, locationContextEnabled=true, webStorageEnabled=true, browserName=chrome, takesScreenshot=true, javascriptEnabled=true, cssSelectorsEnabled=true}]
Session ID: 87421f62a5f5414178649339dea4db05
	at sun.reflect.NativeConstructorAccessorImpl.newInstance0(Native Method)
	at sun.reflect.NativeConstructorAccessorImpl.newInstance(Unknown Source)
	at sun.reflect.DelegatingConstructorAccessorImpl.newInstance(Unknown Source)
	at java.lang.reflect.Constructor.newInstance(Unknown Source)
	at org.openqa.selenium.remote.ErrorHandler.createThrowable(ErrorHandler.java:206)
	at org.openqa.selenium.remote.ErrorHandler.throwIfResponseFailed(ErrorHandler.java:158)
	at org.openqa.selenium.remote.RemoteWebDriver.execute(RemoteWebDriver.java:647)
	at org.openqa.selenium.remote.RemoteWebDriver.execute(RemoteWebDriver.java:670)
	at org.openqa.selenium.remote.RemoteWebDriver.close(RemoteWebDriver.java:511)
	at com.walmarttest.tests.End2EndTests.TearDown(End2EndTests.java:99)
	at sun.reflect.NativeMethodAccessorImpl.invoke0(Native Method)
	at sun.reflect.NativeMethodAccessorImpl.invoke(Unknown Source)
	at sun.reflect.DelegatingMethodAccessorImpl.invoke(Unknown Source)
	at java.lang.reflect.Method.invoke(Unknown Source)
	at org.testng.internal.MethodInvocationHelper.invokeMethod(MethodInvocationHelper.java:80)
	at org.testng.internal.Invoker.invokeConfigurationMethod(Invoker.java:564)
	at org.testng.internal.Invoker.invokeConfigurations(Invoker.java:213)
	at org.testng.internal.Invoker.invokeMethod(Invoker.java:786)
	at org.testng.internal.Invoker.invokeTestMethod(Invoker.java:901)
	at org.testng.internal.Invoker.invokeTestMethods(Invoker.java:1231)
	at org.testng.internal.TestMethodWorker.invokeTestMethods(TestMethodWorker.java:127)
	at org.testng.internal.TestMethodWorker.run(TestMethodWorker.java:111)
	at org.testng.TestRunner.privateRun(TestRunner.java:767)
	at org.testng.TestRunner.run(TestRunner.java:617)
	at org.testng.SuiteRunner.runTest(SuiteRunner.java:334)
	at org.testng.SuiteRunner.runSequentially(SuiteRunner.java:329)
	at org.testng.SuiteRunner.privateRun(SuiteRunner.java:291)
	at org.testng.SuiteRunner.run(SuiteRunner.java:240)
	at org.testng.SuiteRunnerWorker.runSuite(SuiteRunnerWorker.java:52)
	at org.testng.SuiteRunnerWorker.run(SuiteRunnerWorker.java:86)
	at org.testng.TestNG.runSuitesSequentially(TestNG.java:1198)
	at org.testng.TestNG.runSuitesLocally(TestNG.java:1123)
	at org.testng.TestNG.run(TestNG.java:1031)
	at org.testng.remote.RemoteTestNG.run(RemoteTestNG.java:115)
	at org.testng.remote.RemoteTestNG.initAndRun(RemoteTestNG.java:207)
	at org.testng.remote.RemoteTestNG.main(RemoteTestNG.java:178)
]]>
            </full-stacktrace>
          </exception> <!-- org.openqa.selenium.WebDriverException -->
          <reporter-output>
          </reporter-output>
        </test-method> <!-- TearDown -->
        <test-method status="SKIP" signature="tearDown()[pri:0, instance:com.walmarttest.tests.End2EndTests@c818063]" name="tearDown" is-config="true" duration-ms="0" started-at="2015-12-21T01:23:45Z" finished-at="2015-12-21T01:23:45Z">
          <reporter-output>
          </reporter-output>
        </test-method> <!-- tearDown -->
        <test-method status="SKIP" signature="initializeSetup(java.lang.String, java.lang.String, java.lang.String)[pri:0, instance:com.walmarttest.tests.End2EndTests@c818063]" name="initializeSetup" is-config="true" duration-ms="0" started-at="2015-12-21T01:23:45Z" finished-at="2015-12-21T01:23:45Z">
          <reporter-output>
          </reporter-output>
        </test-method> <!-- initializeSetup -->
        <test-method status="SKIP" signature="setUp()[pri:0, instance:com.walmarttest.tests.End2EndTests@c818063]" name="setUp" is-config="true" duration-ms="0" started-at="2015-12-21T01:23:45Z" finished-at="2015-12-21T01:23:45Z">
          <reporter-output>
          </reporter-output>
        </test-method> <!-- setUp -->
        <test-method status="SKIP" signature="TestCase1(java.lang.String)[pri:0, instance:com.walmarttest.tests.End2EndTests@c818063]" name="TestCase1" duration-ms="2" started-at="2015-12-21T01:23:45Z" data-provider="searchItems" finished-at="2015-12-21T01:23:45Z">
          <params>
            <param index="0">
              <value>
                <![CDATA[dvd]]>
              </value>
            </param>
          </params>
          <reporter-output>
          </reporter-output>
        </test-method> <!-- TestCase1 -->
        <test-method status="SKIP" signature="TearDown()[pri:0, instance:com.walmarttest.tests.End2EndTests@c818063]" name="TearDown" is-config="true" duration-ms="0" started-at="2015-12-21T01:23:45Z" finished-at="2015-12-21T01:23:45Z">
          <reporter-output>
          </reporter-output>
        </test-method> <!-- TearDown -->
        <test-method status="SKIP" signature="tearDown()[pri:0, instance:com.walmarttest.tests.End2EndTests@c818063]" name="tearDown" is-config="true" duration-ms="0" started-at="2015-12-21T01:23:45Z" finished-at="2015-12-21T01:23:45Z">
          <reporter-output>
          </reporter-output>
        </test-method> <!-- tearDown -->
        <test-method status="SKIP" signature="initializeSetup(java.lang.String, java.lang.String, java.lang.String)[pri:0, instance:com.walmarttest.tests.End2EndTests@c818063]" name="initializeSetup" is-config="true" duration-ms="0" started-at="2015-12-21T01:23:45Z" finished-at="2015-12-21T01:23:45Z">
          <reporter-output>
          </reporter-output>
        </test-method> <!-- initializeSetup -->
        <test-method status="SKIP" signature="setUp()[pri:0, instance:com.walmarttest.tests.End2EndTests@c818063]" name="setUp" is-config="true" duration-ms="0" started-at="2015-12-21T01:23:45Z" finished-at="2015-12-21T01:23:45Z">
          <reporter-output>
          </reporter-output>
        </test-method> <!-- setUp -->
        <test-method status="SKIP" signature="TestCase1(java.lang.String)[pri:0, instance:com.walmarttest.tests.End2EndTests@c818063]" name="TestCase1" duration-ms="3" started-at="2015-12-21T01:23:45Z" data-provider="searchItems" finished-at="2015-12-21T01:23:45Z">
          <params>
            <param index="0">
              <value>
                <![CDATA[toys]]>
              </value>
            </param>
          </params>
          <reporter-output>
          </reporter-output>
        </test-method> <!-- TestCase1 -->
        <test-method status="SKIP" signature="TearDown()[pri:0, instance:com.walmarttest.tests.End2EndTests@c818063]" name="TearDown" is-config="true" duration-ms="0" started-at="2015-12-21T01:23:45Z" finished-at="2015-12-21T01:23:45Z">
          <reporter-output>
          </reporter-output>
        </test-method> <!-- TearDown -->
        <test-method status="SKIP" signature="tearDown()[pri:0, instance:com.walmarttest.tests.End2EndTests@c818063]" name="tearDown" is-config="true" duration-ms="0" started-at="2015-12-21T01:23:45Z" finished-at="2015-12-21T01:23:45Z">
          <reporter-output>
          </reporter-output>
        </test-method> <!-- tearDown -->
        <test-method status="SKIP" signature="initializeSetup(java.lang.String, java.lang.String, java.lang.String)[pri:0, instance:com.walmarttest.tests.End2EndTests@c818063]" name="initializeSetup" is-config="true" duration-ms="0" started-at="2015-12-21T01:23:45Z" finished-at="2015-12-21T01:23:45Z">
          <reporter-output>
          </reporter-output>
        </test-method> <!-- initializeSetup -->
        <test-method status="SKIP" signature="setUp()[pri:0, instance:com.walmarttest.tests.End2EndTests@c818063]" name="setUp" is-config="true" duration-ms="0" started-at="2015-12-21T01:23:45Z" finished-at="2015-12-21T01:23:45Z">
          <reporter-output>
          </reporter-output>
        </test-method> <!-- setUp -->
        <test-method status="SKIP" signature="TestCase1(java.lang.String)[pri:0, instance:com.walmarttest.tests.End2EndTests@c818063]" name="TestCase1" duration-ms="2" started-at="2015-12-21T01:23:45Z" data-provider="searchItems" finished-at="2015-12-21T01:23:45Z">
          <params>
            <param index="0">
              <value>
                <![CDATA[iPhone]]>
              </value>
            </param>
          </params>
          <reporter-output>
          </reporter-output>
        </test-method> <!-- TestCase1 -->
        <test-method status="SKIP" signature="TearDown()[pri:0, instance:com.walmarttest.tests.End2EndTests@c818063]" name="TearDown" is-config="true" duration-ms="0" started-at="2015-12-21T01:23:45Z" finished-at="2015-12-21T01:23:45Z">
          <reporter-output>
          </reporter-output>
        </test-method> <!-- TearDown -->
        <test-method status="SKIP" signature="tearDown()[pri:0, instance:com.walmarttest.tests.End2EndTests@c818063]" name="tearDown" is-config="true" duration-ms="0" started-at="2015-12-21T01:23:45Z" finished-at="2015-12-21T01:23:45Z">
          <reporter-output>
          </reporter-output>
        </test-method> <!-- tearDown -->
      </class> <!-- com.walmarttest.tests.End2EndTests -->
    </test> <!-- Test -->
  </suite> <!-- Suite -->
</testng-results>
